<?xml version="1.0" encoding="UTF-8"?>
<testng-results skipped="0" failed="0" total="1" passed="1">
  <reporter-output>
  </reporter-output>
  <suite name="Default suite" duration-ms="36067" started-at="2019-09-20T05:45:15Z" finished-at="2019-09-20T05:45:51Z">
    <groups>
    </groups>
    <test name="Default test" duration-ms="36067" started-at="2019-09-20T05:45:15Z" finished-at="2019-09-20T05:45:51Z">
      <class name="SwipeAndScroll.SwipeUpAndSwipeDown">
        <test-method status="PASS" signature="setup()[pri:0, instance:SwipeAndScroll.SwipeUpAndSwipeDown@2d209079]" name="setup" duration-ms="36050" started-at="2019-09-20T11:15:15Z" finished-at="2019-09-20T11:15:51Z">
          <reporter-output>
          </reporter-output>
        </test-method> <!-- setup -->
      </class> <!-- SwipeAndScroll.SwipeUpAndSwipeDown -->
    </test> <!-- Default test -->
  </suite> <!-- Default suite -->
</testng-results>
